\BOOKMARK [0][-]{chapter*.1}{Resumen}{}% 1
\BOOKMARK [0][-]{chapter*.2}{Abstract}{}% 2
\BOOKMARK [0][-]{chapter*.3}{Agradecimientos}{}% 3
\BOOKMARK [0][-]{chapter*.4}{\315ndice general}{}% 4
\BOOKMARK [0][-]{chapter*.5}{\315ndice de cuadros}{}% 5
\BOOKMARK [0][-]{chapter*.6}{\315ndice de figuras}{}% 6
\BOOKMARK [0][-]{chapter*.7}{\315ndice de listados}{}% 7
\BOOKMARK [0][-]{chapter*.8}{Listado de acr\363nimos}{}% 8
\BOOKMARK [0][-]{chapter.1}{Introducci\363n}{}% 9
\BOOKMARK [1][-]{section.1.1}{T\355tulo del proyecto}{chapter.1}% 10
\BOOKMARK [1][-]{section.1.2}{Estructura del documento}{chapter.1}% 11
\BOOKMARK [1][-]{section.1.3}{M\341s texto para que ocupe varias p\341ginas}{chapter.1}% 12
\BOOKMARK [0][-]{chapter.2}{Objetivos}{}% 13
\BOOKMARK [1][-]{section.2.1}{Objetivo general}{chapter.2}% 14
\BOOKMARK [1][-]{section.2.2}{Objetivos espec\355ficos}{chapter.2}% 15
\BOOKMARK [0][-]{chapter.3}{Interacci\363n Persona-Ordenador e Interfaces}{}% 16
\BOOKMARK [1][-]{section.3.1}{Interaci\363n Persona-Ordenador}{chapter.3}% 17
\BOOKMARK [1][-]{section.3.2}{Interfaz Gr\341fica de Usuario GUI}{chapter.3}% 18
\BOOKMARK [1][-]{section.3.3}{Interfaz Tangible de Usuario TUI}{chapter.3}% 19
\BOOKMARK [2][-]{subsection.3.3.1}{Uso de TUI en la educaci\363n}{section.3.3}% 20
\BOOKMARK [1][-]{section.3.4}{Interfaces Sistema Multi-Pantalla}{chapter.3}% 21
\BOOKMARK [0][-]{chapter.4}{Antecedentes}{}% 22
\BOOKMARK [1][-]{section.4.1}{Estudios experimentales sobre Intereacci\363n Tangible}{chapter.4}% 23
\BOOKMARK [1][-]{section.4.2}{Interacci\363n tangible en la ense\361anza de programaci\363n}{chapter.4}% 24
\BOOKMARK [1][-]{section.4.3}{Aplicaciones de sistemas multipantalla}{chapter.4}% 25
\BOOKMARK [0][-]{chapter.5}{M\351todo de trabajo}{}% 26
\BOOKMARK [1][-]{section.5.1}{Metodolog\355a Agile}{chapter.5}% 27
\BOOKMARK [1][-]{section.5.2}{Scrum como metodolog\355a de trabajo}{chapter.5}% 28
\BOOKMARK [2][-]{subsection.5.2.1}{Roles}{section.5.2}% 29
\BOOKMARK [2][-]{subsection.5.2.2}{Artefactos}{section.5.2}% 30
\BOOKMARK [2][-]{subsection.5.2.3}{Motivos de la elecci\363n del m\351todo Scrum}{section.5.2}% 31
\BOOKMARK [1][-]{section.5.3}{Aplicaci\363n del m\351todo de trabajo}{chapter.5}% 32
\BOOKMARK [0][-]{appendix.Alph1}{Ejemplo de anexo}{}% 33
\BOOKMARK [0][-]{appendix*.9}{Referencias}{}% 34
